> Task :compileJava NO-SOURCE
> Task :processResources NO-SOURCE
> Task :classes UP-TO-DATE
> Task :domain-model:compileJava FAILED
.\gradlew : 
En línea: 1 Carácter: 1
+ .\gradlew classes 
2>&1 | Out-File 
-Encoding utf8 
build_errors_utf8.lo 
...
+ 
~~~~~~~~~~~~~~~~~~~~~~
    + CategoryInfo     
         : NotSpecifi  
  ed: (:String) [],    
 RemoteException
    + FullyQualifiedEr 
   rorId : NativeComm  
  andError
 
FAILURE: Build failed 
with an exception.

* What went wrong:
Execution failed for 
task ':domain-model:com
pileJava'.
> Unable to delete 
directory 'C:\Users\Sam
ir\OneDrive\Desktop\ciu
dadela2\domain\model\bu
ild\classes\java\main'
    Failed to delete 
some children. This 
might happen because a 
process has files open 
or has its working 
directory set in the 
target directory.
    - C:\Users\Samir\On
eDrive\Desktop\ciudadel
a2\domain\model\build\c
lasses\java\main\domain
\entities\models
    - C:\Users\Samir\On
eDrive\Desktop\ciudadel
a2\domain\model\build\c
lasses\java\main\domain
\entities
    - C:\Users\Samir\On
eDrive\Desktop\ciudadel
a2\domain\model\build\c
lasses\java\main\domain

* Try:
> Run with 
--stacktrace option to 
get the stack trace.
> Run with --info or 
--debug option to get 
more log output.
> Run with --scan to 
get full insights.
> Get more help at http
s://help.gradle.org.

BUILD FAILED in 6s
1 actionable task: 1 executed
